[debug] [2024-12-05T15:28:32.322Z] ----------------------------------------------------------------------
[debug] [2024-12-05T15:28:32.325Z] Command:       C:\Program Files\nodejs\node.exe C:\Users\Owner\AppData\Roaming\npm\node_modules\firebase-tools\lib\bin\firebase.js init
[debug] [2024-12-05T15:28:32.326Z] CLI Version:   13.28.0
[debug] [2024-12-05T15:28:32.326Z] Platform:      win32
[debug] [2024-12-05T15:28:32.326Z] Node Version:  v22.11.0
[debug] [2024-12-05T15:28:32.326Z] Time:          Thu Dec 05 2024 09:28:32 GMT-0600 (Central Standard Time)
[debug] [2024-12-05T15:28:32.326Z] ----------------------------------------------------------------------
[debug] 
[debug] [2024-12-05T15:28:32.404Z] > command requires scopes: ["email","openid","https://www.googleapis.com/auth/cloudplatformprojects.readonly","https://www.googleapis.com/auth/firebase","https://www.googleapis.com/auth/cloud-platform"]
[debug] [2024-12-05T15:28:32.405Z] > authorizing via signed-in user (eseynahom8@gmail.com)
[info] 
     ######## #### ########  ######## ########     ###     ######  ########
     ##        ##  ##     ## ##       ##     ##  ##   ##  ##       ##
     ######    ##  ########  ######   ########  #########  ######  ######
     ##        ##  ##    ##  ##       ##     ## ##     ##       ## ##
     ##       #### ##     ## ######## ########  ##     ##  ######  ########

You're about to initialize a Firebase project in this directory:

  C:\Users\Owner\OneDrive\Desktop\Evangadi\Phase-4-2\Amazon-clone-2024\amazone-clone

Before we get started, keep in mind:

  * You are initializing within an existing Firebase project directory

