[debug] [2024-12-06T19:19:00.124Z] ----------------------------------------------------------------------
[debug] [2024-12-06T19:19:00.128Z] Command:       C:\Program Files\nodejs\node.exe C:\Users\Owner\AppData\Roaming\npm\node_modules\firebase-tools\lib\bin\firebase.js emulators:start --only functions
[debug] [2024-12-06T19:19:00.129Z] CLI Version:   13.28.0
[debug] [2024-12-06T19:19:00.129Z] Platform:      win32
[debug] [2024-12-06T19:19:00.129Z] Node Version:  v22.11.0
[debug] [2024-12-06T19:19:00.130Z] Time:          Fri Dec 06 2024 13:19:00 GMT-0600 (Central Standard Time)
[debug] [2024-12-06T19:19:00.131Z] ----------------------------------------------------------------------
[debug] 
[debug] [2024-12-06T19:19:00.137Z] >>> [apiv2][query] GET https://firebase-public.firebaseio.com/cli.json [none]
[debug] [2024-12-06T19:19:00.309Z] > command requires scopes: ["email","openid","https://www.googleapis.com/auth/cloudplatformprojects.readonly","https://www.googleapis.com/auth/firebase","https://www.googleapis.com/auth/cloud-platform"]
[debug] [2024-12-06T19:19:00.310Z] > authorizing via signed-in user (eseynahom8@gmail.com)
[info] i  emulators: Starting emulators: functions {"metadata":{"emulator":{"name":"hub"},"message":"Starting emulators: functions"}}
[debug] [2024-12-06T19:19:00.330Z] [logging] Logging Emulator only supports listening on one address (127.0.0.1). Not listening on ::1
[debug] [2024-12-06T19:19:00.330Z] assigned listening specs for emulators {"user":{"hub":[{"address":"127.0.0.1","family":"IPv4","port":4400},{"address":"::1","family":"IPv6","port":4400}],"ui":[{"address":"127.0.0.1","family":"IPv4","port":4000},{"address":"::1","family":"IPv6","port":4000}],"logging":[{"address":"127.0.0.1","family":"IPv4","port":4500}]},"metadata":{"message":"assigned listening specs for emulators"}}
[debug] [2024-12-06T19:19:00.340Z] [hub] writing locator at C:\Users\Owner\AppData\Local\Temp\hub-clone-2024-c5db0.json
[debug] [2024-12-06T19:19:00.392Z] [functions] Functions Emulator only supports listening on one address (127.0.0.1). Not listening on ::1
[debug] [2024-12-06T19:19:00.392Z] [eventarc] Eventarc Emulator only supports listening on one address (127.0.0.1). Not listening on ::1
[debug] [2024-12-06T19:19:00.392Z] [tasks] Cloud Tasks Emulator only supports listening on one address (127.0.0.1). Not listening on ::1
[debug] [2024-12-06T19:19:00.393Z] late-assigned ports for functions and eventarc emulators {"user":{"hub":[{"address":"127.0.0.1","family":"IPv4","port":4400},{"address":"::1","family":"IPv6","port":4400}],"ui":[{"address":"127.0.0.1","family":"IPv4","port":4000},{"address":"::1","family":"IPv6","port":4000}],"logging":[{"address":"127.0.0.1","family":"IPv4","port":4500}],"functions":[{"address":"127.0.0.1","family":"IPv4","port":5001}],"eventarc":[{"address":"127.0.0.1","family":"IPv4","port":9299}],"tasks":[{"address":"127.0.0.1","family":"IPv4","port":9499}]},"metadata":{"message":"late-assigned ports for functions and eventarc emulators"}}
[warn] !  functions: The following emulators are not running, calls to these services from the Functions emulator will affect production: apphosting, auth, firestore, database, hosting, pubsub, storage, dataconnect {"metadata":{"emulator":{"name":"functions"},"message":"The following emulators are not running, calls to these services from the Functions emulator will affect production: \u001b[1mapphosting, auth, firestore, database, hosting, pubsub, storage, dataconnect\u001b[22m"}}
[debug] [2024-12-06T19:19:00.398Z] defaultcredentials: writing to file C:\Users\Owner\AppData\Roaming\firebase\eseynahom8_gmail_com_application_default_credentials.json
[debug] [2024-12-06T19:19:00.417Z] Setting GAC to C:\Users\Owner\AppData\Roaming\firebase\eseynahom8_gmail_com_application_default_credentials.json {"metadata":{"emulator":{"name":"functions"},"message":"Setting GAC to C:\\Users\\Owner\\AppData\\Roaming\\firebase\\eseynahom8_gmail_com_application_default_credentials.json"}}
[debug] [2024-12-06T19:19:00.419Z] Checked if tokens are valid: false, expires at: 1733415211821
[debug] [2024-12-06T19:19:00.419Z] Checked if tokens are valid: false, expires at: 1733415211821
[debug] [2024-12-06T19:19:00.419Z] > refreshing access token with scopes: []
[debug] [2024-12-06T19:19:00.421Z] >>> [apiv2][query] POST https://www.googleapis.com/oauth2/v3/token [none]
[debug] [2024-12-06T19:19:00.421Z] >>> [apiv2][body] POST https://www.googleapis.com/oauth2/v3/token [omitted]
[debug] [2024-12-06T19:19:00.479Z] <<< [apiv2][status] GET https://firebase-public.firebaseio.com/cli.json 200
[debug] [2024-12-06T19:19:00.480Z] <<< [apiv2][body] GET https://firebase-public.firebaseio.com/cli.json {"cloudBuildErrorAfter":1594252800000,"cloudBuildWarnAfter":1590019200000,"defaultNode10After":1594252800000,"minVersion":"3.0.5","node8DeploysDisabledAfter":1613390400000,"node8RuntimeDisabledAfter":1615809600000,"node8WarnAfter":1600128000000}
[debug] [2024-12-06T19:19:00.564Z] <<< [apiv2][status] POST https://www.googleapis.com/oauth2/v3/token 200
[debug] [2024-12-06T19:19:00.564Z] <<< [apiv2][body] POST https://www.googleapis.com/oauth2/v3/token [omitted]
[debug] [2024-12-06T19:19:00.578Z] >>> [apiv2][query] GET https://firebase.googleapis.com/v1beta1/projects/clone-2024-c5db0/adminSdkConfig [none]
[debug] [2024-12-06T19:19:00.917Z] <<< [apiv2][status] GET https://firebase.googleapis.com/v1beta1/projects/clone-2024-c5db0/adminSdkConfig 200
[debug] [2024-12-06T19:19:00.917Z] <<< [apiv2][body] GET https://firebase.googleapis.com/v1beta1/projects/clone-2024-c5db0/adminSdkConfig {"projectId":"clone-2024-c5db0","storageBucket":"clone-2024-c5db0.firebasestorage.app"}
[info] i  functions: Watching "C:\Users\Owner\OneDrive\Desktop\Evangadi\Phase-4-2\Amazon-clone-2024\amazone-clone\functions" for Cloud Functions... {"metadata":{"emulator":{"name":"functions"},"message":"Watching \"C:\\Users\\Owner\\OneDrive\\Desktop\\Evangadi\\Phase-4-2\\Amazon-clone-2024\\amazone-clone\\functions\" for Cloud Functions..."}}
[debug] [2024-12-06T19:19:00.977Z] Validating nodejs source
[debug] [2024-12-06T19:19:03.819Z] > [functions] package.json contents: {
  "name": "functions",
  "description": "Cloud Functions for Firebase",
  "scripts": {
    "serve": "firebase emulators:start --only functions",
    "shell": "firebase functions:shell",
    "start": "npm run shell",
    "deploy": "firebase deploy --only functions",
    "logs": "firebase functions:log"
  },
  "engines": {
    "node": "18"
  },
  "main": "index.js",
  "dependencies": {
    "cors": "^2.8.5",
    "dotenv": "^16.4.7",
    "express": "^4.21.1",
    "firebase-admin": "^12.6.0",
    "firebase-functions": "^6.0.1",
    "stripe": "^17.4.0"
  },
  "devDependencies": {
    "firebase-functions-test": "^3.1.0"
  },
  "private": true
}
[debug] [2024-12-06T19:19:03.819Z] Building nodejs source
[debug] [2024-12-06T19:19:03.820Z] Failed to find version of module node: reached end of search path C:\Users\Owner\OneDrive\Desktop\Evangadi\Phase-4-2\Amazon-clone-2024\amazone-clone\functions\node_modules
[warn] !  functions: Your requested "node" version "18" doesn't match your global version "22". Using node@22 from host. 
[info] i  functions: Loaded environment variables from .env. 
[debug] [2024-12-06T19:19:03.832Z] Could not find functions.yaml. Must use http discovery
[debug] [2024-12-06T19:19:03.853Z] Found firebase-functions binary at 'C:\Users\Owner\OneDrive\Desktop\Evangadi\Phase-4-2\Amazon-clone-2024\amazone-clone\functions\node_modules\.bin\firebase-functions'
[info] Serving at port 8616

[debug] [2024-12-06T19:19:05.769Z] Got response from /__/functions.yaml {"endpoints":{"api":{"availableMemoryMb":null,"timeoutSeconds":null,"minInstances":null,"maxInstances":null,"ingressSettings":null,"concurrency":null,"serviceAccountEmail":null,"vpc":null,"platform":"gcfv2","labels":{},"httpsTrigger":{},"entryPoint":"api"}},"specVersion":"v1alpha1","requiredAPIs":[],"extensions":{}}
[info] +  functions: Loaded functions definitions from source: api. {"metadata":{"emulator":{"name":"functions"},"message":"Loaded functions definitions from source: api."}}
[info] +  functions[us-central1-api]: http function initialized (http://127.0.0.1:5001/clone-2024-c5db0/us-central1/api). {"metadata":{"emulator":{"name":"functions"},"message":"\u001b[1mhttp\u001b[22m function initialized (http://127.0.0.1:5001/clone-2024-c5db0/us-central1/api)."}}
[debug] [2024-12-06T19:19:09.827Z] Could not find VSCode notification endpoint: FetchError: request to http://localhost:40001/vscode/notify failed, reason: . If you are not running the Firebase Data Connect VSCode extension, this is expected and not an issue.
[info] 
┌─────────────────────────────────────────────────────────────┐
│ ✔  All emulators ready! It is now safe to connect your app. │
│ i  View Emulator UI at http://127.0.0.1:4000/               │
└─────────────────────────────────────────────────────────────┘

┌───────────┬────────────────┬─────────────────────────────────┐
│ Emulator  │ Host:Port      │ View in Emulator UI             │
├───────────┼────────────────┼─────────────────────────────────┤
│ Functions │ 127.0.0.1:5001 │ http://127.0.0.1:4000/functions │
└───────────┴────────────────┴─────────────────────────────────┘
  Emulator Hub running at 127.0.0.1:4400
  Other reserved ports: 4500

Issues? Report them at https://github.com/firebase/firebase-tools/issues and attach the *-debug.log files.
 
[debug] [2024-12-06T19:20:31.527Z] [work-queue] {"queuedWork":["/clone-2024-c5db0/us-central1/api-2024-12-06T19:20:31.526Z"],"queueLength":1,"runningWork":[],"workRunningCount":0}
[debug] [2024-12-06T19:20:31.528Z] [work-queue] {"queuedWork":[],"queueLength":0,"runningWork":["/clone-2024-c5db0/us-central1/api-2024-12-06T19:20:31.526Z"],"workRunningCount":1}
[debug] [2024-12-06T19:20:31.528Z] Accepted request GET /clone-2024-c5db0/us-central1/api --> us-central1-api
[debug] [2024-12-06T19:20:31.533Z] [functions] Runtime ready! Sending request! {"metadata":{"emulator":{"name":"functions"},"message":"[functions] Runtime ready! Sending request!"}}
[debug] [2024-12-06T19:20:31.533Z] [functions] Got req.url=/clone-2024-c5db0/us-central1/api, mapping to path=/ {"metadata":{"emulator":{"name":"functions"},"message":"[functions] Got req.url=/clone-2024-c5db0/us-central1/api, mapping to path=/"}}
[info] i  functions: Loaded environment variables from .env. 
[debug] [2024-12-06T19:20:31.574Z] [worker-pool] addWorker(us-central1-api) {"metadata":{"emulator":{"name":"functions"},"message":"[worker-pool] addWorker(us-central1-api)"}}
[debug] [2024-12-06T19:20:31.578Z] [worker-pool] Adding worker with key us-central1-api, total=1 {"metadata":{"emulator":{"name":"functions"},"message":"[worker-pool] Adding worker with key us-central1-api, total=1"}}
[info] >  (node:24460) [DEP0040] DeprecationWarning: The `punycode` module is deprecated. Please use a userland alternative instead. {"user":"(node:24460) [DEP0040] DeprecationWarning: The `punycode` module is deprecated. Please use a userland alternative instead.","metadata":{"emulator":{"name":"functions"},"function":{"name":"us-central1-api"},"extension":{},"message":"\u001b[90m> \u001b[39m (node:24460) [DEP0040] DeprecationWarning: The `punycode` module is deprecated. Please use a userland alternative instead."}}
[info] >  (Use `node --trace-deprecation ...` to show where the warning was created) {"user":"(Use `node --trace-deprecation ...` to show where the warning was created)","metadata":{"emulator":{"name":"functions"},"function":{"name":"us-central1-api"},"extension":{},"message":"\u001b[90m> \u001b[39m (Use `node --trace-deprecation ...` to show where the warning was created)"}}
[debug] [2024-12-06T19:20:35.583Z] [runtime-status] [24460] Resolved module firebase-admin {"declared":true,"installed":true,"version":"12.7.0","resolution":"C:\\Users\\Owner\\OneDrive\\Desktop\\Evangadi\\Phase-4-2\\Amazon-clone-2024\\amazone-clone\\functions\\node_modules\\firebase-admin\\lib\\index.js"} {"metadata":{"emulator":{"name":"functions"},"function":{"name":"us-central1-api"},"extension":{},"message":"[runtime-status] [24460] Resolved module firebase-admin {\"declared\":true,\"installed\":true,\"version\":\"12.7.0\",\"resolution\":\"C:\\\\Users\\\\Owner\\\\OneDrive\\\\Desktop\\\\Evangadi\\\\Phase-4-2\\\\Amazon-clone-2024\\\\amazone-clone\\\\functions\\\\node_modules\\\\firebase-admin\\\\lib\\\\index.js\"}"}}
[debug] [2024-12-06T19:20:35.586Z] [runtime-status] [24460] Resolved module firebase-functions {"declared":true,"installed":true,"version":"6.1.1","resolution":"C:\\Users\\Owner\\OneDrive\\Desktop\\Evangadi\\Phase-4-2\\Amazon-clone-2024\\amazone-clone\\functions\\node_modules\\firebase-functions\\lib\\v2\\index.js"} {"metadata":{"emulator":{"name":"functions"},"function":{"name":"us-central1-api"},"extension":{},"message":"[runtime-status] [24460] Resolved module firebase-functions {\"declared\":true,\"installed\":true,\"version\":\"6.1.1\",\"resolution\":\"C:\\\\Users\\\\Owner\\\\OneDrive\\\\Desktop\\\\Evangadi\\\\Phase-4-2\\\\Amazon-clone-2024\\\\amazone-clone\\\\functions\\\\node_modules\\\\firebase-functions\\\\lib\\\\v2\\\\index.js\"}"}}
[debug] [2024-12-06T19:20:35.587Z] [runtime-status] [24460] Outgoing network have been stubbed. [{"name":"http","status":"mocked"},{"name":"http","status":"mocked"},{"name":"https","status":"mocked"},{"name":"https","status":"mocked"},{"name":"net","status":"mocked"}] {"metadata":{"emulator":{"name":"functions"},"function":{"name":"us-central1-api"},"extension":{},"message":"[runtime-status] [24460] Outgoing network have been stubbed. [{\"name\":\"http\",\"status\":\"mocked\"},{\"name\":\"http\",\"status\":\"mocked\"},{\"name\":\"https\",\"status\":\"mocked\"},{\"name\":\"https\",\"status\":\"mocked\"},{\"name\":\"net\",\"status\":\"mocked\"}]"}}
[debug] [2024-12-06T19:20:35.589Z] [runtime-status] [24460] Resolved module firebase-functions {"declared":true,"installed":true,"version":"6.1.1","resolution":"C:\\Users\\Owner\\OneDrive\\Desktop\\Evangadi\\Phase-4-2\\Amazon-clone-2024\\amazone-clone\\functions\\node_modules\\firebase-functions\\lib\\v2\\index.js"} {"metadata":{"emulator":{"name":"functions"},"function":{"name":"us-central1-api"},"extension":{},"message":"[runtime-status] [24460] Resolved module firebase-functions {\"declared\":true,\"installed\":true,\"version\":\"6.1.1\",\"resolution\":\"C:\\\\Users\\\\Owner\\\\OneDrive\\\\Desktop\\\\Evangadi\\\\Phase-4-2\\\\Amazon-clone-2024\\\\amazone-clone\\\\functions\\\\node_modules\\\\firebase-functions\\\\lib\\\\v2\\\\index.js\"}"}}
[debug] [2024-12-06T19:20:36.684Z] [runtime-status] [24460] Checked functions.config() {"config":{}} {"metadata":{"emulator":{"name":"functions"},"function":{"name":"us-central1-api"},"extension":{},"message":"[runtime-status] [24460] Checked functions.config() {\"config\":{}}"}}
[debug] [2024-12-06T19:20:36.684Z] [runtime-status] [24460] firebase-functions has been stubbed. {"functionsResolution":{"declared":true,"installed":true,"version":"6.1.1","resolution":"C:\\Users\\Owner\\OneDrive\\Desktop\\Evangadi\\Phase-4-2\\Amazon-clone-2024\\amazone-clone\\functions\\node_modules\\firebase-functions\\lib\\v2\\index.js"}} {"metadata":{"emulator":{"name":"functions"},"function":{"name":"us-central1-api"},"extension":{},"message":"[runtime-status] [24460] firebase-functions has been stubbed. {\"functionsResolution\":{\"declared\":true,\"installed\":true,\"version\":\"6.1.1\",\"resolution\":\"C:\\\\Users\\\\Owner\\\\OneDrive\\\\Desktop\\\\Evangadi\\\\Phase-4-2\\\\Amazon-clone-2024\\\\amazone-clone\\\\functions\\\\node_modules\\\\firebase-functions\\\\lib\\\\v2\\\\index.js\"}}"}}
[debug] [2024-12-06T19:20:36.686Z] [runtime-status] [24460] Resolved module firebase-functions {"declared":true,"installed":true,"version":"6.1.1","resolution":"C:\\Users\\Owner\\OneDrive\\Desktop\\Evangadi\\Phase-4-2\\Amazon-clone-2024\\amazone-clone\\functions\\node_modules\\firebase-functions\\lib\\v2\\index.js"} {"metadata":{"emulator":{"name":"functions"},"function":{"name":"us-central1-api"},"extension":{},"message":"[runtime-status] [24460] Resolved module firebase-functions {\"declared\":true,\"installed\":true,\"version\":\"6.1.1\",\"resolution\":\"C:\\\\Users\\\\Owner\\\\OneDrive\\\\Desktop\\\\Evangadi\\\\Phase-4-2\\\\Amazon-clone-2024\\\\amazone-clone\\\\functions\\\\node_modules\\\\firebase-functions\\\\lib\\\\v2\\\\index.js\"}"}}
[debug] [2024-12-06T19:20:36.699Z] [runtime-status] [24460] Resolved module firebase-admin {"declared":true,"installed":true,"version":"12.7.0","resolution":"C:\\Users\\Owner\\OneDrive\\Desktop\\Evangadi\\Phase-4-2\\Amazon-clone-2024\\amazone-clone\\functions\\node_modules\\firebase-admin\\lib\\index.js"} {"metadata":{"emulator":{"name":"functions"},"function":{"name":"us-central1-api"},"extension":{},"message":"[runtime-status] [24460] Resolved module firebase-admin {\"declared\":true,\"installed\":true,\"version\":\"12.7.0\",\"resolution\":\"C:\\\\Users\\\\Owner\\\\OneDrive\\\\Desktop\\\\Evangadi\\\\Phase-4-2\\\\Amazon-clone-2024\\\\amazone-clone\\\\functions\\\\node_modules\\\\firebase-admin\\\\lib\\\\index.js\"}"}}
[debug] [2024-12-06T19:20:36.707Z] [runtime-status] [24460] Resolved module firebase-functions {"declared":true,"installed":true,"version":"6.1.1","resolution":"C:\\Users\\Owner\\OneDrive\\Desktop\\Evangadi\\Phase-4-2\\Amazon-clone-2024\\amazone-clone\\functions\\node_modules\\firebase-functions\\lib\\v2\\index.js"} {"metadata":{"emulator":{"name":"functions"},"function":{"name":"us-central1-api"},"extension":{},"message":"[runtime-status] [24460] Resolved module firebase-functions {\"declared\":true,\"installed\":true,\"version\":\"6.1.1\",\"resolution\":\"C:\\\\Users\\\\Owner\\\\OneDrive\\\\Desktop\\\\Evangadi\\\\Phase-4-2\\\\Amazon-clone-2024\\\\amazone-clone\\\\functions\\\\node_modules\\\\firebase-functions\\\\lib\\\\v2\\\\index.js\"}"}}
[debug] [2024-12-06T19:20:36.708Z] [runtime-status] [24460] firebase-admin has been stubbed. {"adminResolution":{"declared":true,"installed":true,"version":"12.7.0","resolution":"C:\\Users\\Owner\\OneDrive\\Desktop\\Evangadi\\Phase-4-2\\Amazon-clone-2024\\amazone-clone\\functions\\node_modules\\firebase-admin\\lib\\index.js"}} {"metadata":{"emulator":{"name":"functions"},"function":{"name":"us-central1-api"},"extension":{},"message":"[runtime-status] [24460] firebase-admin has been stubbed. {\"adminResolution\":{\"declared\":true,\"installed\":true,\"version\":\"12.7.0\",\"resolution\":\"C:\\\\Users\\\\Owner\\\\OneDrive\\\\Desktop\\\\Evangadi\\\\Phase-4-2\\\\Amazon-clone-2024\\\\amazone-clone\\\\functions\\\\node_modules\\\\firebase-admin\\\\lib\\\\index.js\"}}"}}
[debug] [2024-12-06T19:20:37.280Z] [runtime-status] [24460] Functions runtime initialized. {"cwd":"C:\\Users\\Owner\\OneDrive\\Desktop\\Evangadi\\Phase-4-2\\Amazon-clone-2024\\amazone-clone\\functions","node_version":"22.11.0"} {"metadata":{"emulator":{"name":"functions"},"function":{"name":"us-central1-api"},"extension":{},"message":"[runtime-status] [24460] Functions runtime initialized. {\"cwd\":\"C:\\\\Users\\\\Owner\\\\OneDrive\\\\Desktop\\\\Evangadi\\\\Phase-4-2\\\\Amazon-clone-2024\\\\amazone-clone\\\\functions\",\"node_version\":\"22.11.0\"}"}}
[debug] [2024-12-06T19:20:37.281Z] [runtime-status] [24460] Listening to port: \\?\pipe\fire_emu_d9d8aa6e17152723 {"metadata":{"emulator":{"name":"functions"},"function":{"name":"us-central1-api"},"extension":{},"message":"[runtime-status] [24460] Listening to port: \\\\?\\pipe\\fire_emu_d9d8aa6e17152723"}}
[debug] [2024-12-06T19:20:37.364Z] [worker-us-central1-api-48eb2f61-7b1b-49cf-bc0f-92145b1d8e78]: IDLE {"metadata":{"emulator":{"name":"functions"},"function":{"name":"us-central1-api"},"extension":{},"message":"[worker-us-central1-api-48eb2f61-7b1b-49cf-bc0f-92145b1d8e78]: IDLE"}}
[debug] [2024-12-06T19:20:37.364Z] [worker-pool] submitRequest(triggerId=us-central1-api) {"metadata":{"emulator":{"name":"functions"},"message":"[worker-pool] submitRequest(triggerId=us-central1-api)"}}
[info] i  functions: Beginning execution of "us-central1-api" {"metadata":{"emulator":{"name":"functions"},"function":{"name":"us-central1-api"},"extension":{},"message":"Beginning execution of \"us-central1-api\""}}
[debug] [2024-12-06T19:20:37.366Z] [worker-us-central1-api-48eb2f61-7b1b-49cf-bc0f-92145b1d8e78]: BUSY {"metadata":{"emulator":{"name":"functions"},"function":{"name":"us-central1-api"},"extension":{},"message":"[worker-us-central1-api-48eb2f61-7b1b-49cf-bc0f-92145b1d8e78]: BUSY"}}
[debug] [2024-12-06T19:20:37.375Z] Finishing up request with event=pause {"metadata":{"emulator":{"name":"functions"},"function":{"name":"us-central1-api"},"extension":{},"message":"Finishing up request with event=pause"}}
[info] i  functions: Finished "us-central1-api" in 9.6356ms {"metadata":{"emulator":{"name":"functions"},"function":{"name":"us-central1-api"},"extension":{},"message":"Finished \"us-central1-api\" in 9.6356ms"}}
[debug] [2024-12-06T19:20:37.377Z] [worker-us-central1-api-48eb2f61-7b1b-49cf-bc0f-92145b1d8e78]: IDLE {"metadata":{"emulator":{"name":"functions"},"function":{"name":"us-central1-api"},"extension":{},"message":"[worker-us-central1-api-48eb2f61-7b1b-49cf-bc0f-92145b1d8e78]: IDLE"}}
[debug] [2024-12-06T19:20:37.377Z] Finishing up request with event=finish {"metadata":{"emulator":{"name":"functions"},"function":{"name":"us-central1-api"},"extension":{},"message":"Finishing up request with event=finish"}}
[debug] [2024-12-06T19:20:37.377Z] Finishing up request with event=close {"metadata":{"emulator":{"name":"functions"},"function":{"name":"us-central1-api"},"extension":{},"message":"Finishing up request with event=close"}}
[debug] [2024-12-06T19:20:37.377Z] [work-queue] {"queuedWork":[],"queueLength":0,"runningWork":[],"workRunningCount":0}
[debug] [2024-12-06T19:20:37.561Z] Functions emulator received unknown request at path /favicon.ico
